{
  "stats": {
    "suites": 1,
    "tests": 2,
    "passes": 0,
    "pending": 0,
    "failures": 2,
    "start": "2026-04-11T13:25:13.811Z",
    "end": "2026-04-11T13:25:22.317Z",
    "duration": 8506,
    "testsRegistered": 2,
    "passPercent": 0,
    "pendingPercent": 0,
    "other": 0,
    "hasOther": false,
    "skipped": 0,
    "hasSkipped": false
  },
  "results": [
    {
      "uuid": "0aa22e26-0145-4aa1-9195-457b0b827ceb",
      "title": "",
      "fullFile": "cypress\\e2e\\medai_registration.cy.js",
      "file": "cypress\\e2e\\medai_registration.cy.js",
      "beforeHooks": [],
      "afterHooks": [],
      "tests": [],
      "suites": [
        {
          "uuid": "e3c6232f-bb3a-4f7e-b3b6-0c53c2998838",
          "title": "MedAi Registration Form Tests",
          "fullFile": "",
          "file": "",
          "beforeHooks": [],
          "afterHooks": [],
          "tests": [
            {
              "title": "TC01: Submit Valid Personal Information",
              "fullTitle": "MedAi Registration Form Tests TC01: Submit Valid Personal Information",
              "timedOut": null,
              "duration": 4206,
              "state": "failed",
              "speed": null,
              "pass": false,
              "fail": true,
              "pending": false,
              "context": null,
              "code": "// Personal Info Section\n// Using eq(0) because 'name' and 'phone' might be duplicated in the Contact section\ncy.get('#name').eq(0).should('be.visible').type('John Doe');\ncy.get('#gender').select('Male');\ncy.get('#phone').eq(0).type('01012345678');\ncy.get('#dob').type('1990-01-01');\ncy.get('#email').type('john.doe@example.com');\ncy.get('#address').type('123 Main St, Cairo, Egypt');\n// There were no IDs on buttons found, so we target by text or type\n// Assuming \"Next\" or \"Submit\" logic. \n// If it's a multi-step form, we might need to click Next.\n// Based on inspection, we look for buttons. \n// We'll try to find a button that looks like a submit for this form.\n// Since we don't have the button ID, we try finding by content.\ncy.get('button').contains('Next').click({\n  force: true\n});\n// Assertion: Check if we moved to next step or stayed on page (depending on logic).\n// For now, we verify the inputs hold values.\ncy.get('#name').eq(0).should('have.value', 'John Doe');",
              "err": {
                "message": "AssertionError: Timed out retrying after 4000ms: Expected to find element: `#name`, but never found it.",
                "estack": "AssertionError: Timed out retrying after 4000ms: Expected to find element: `#name`, but never found it.\n    at Context.eval (webpack://tests/./cypress/e2e/medai_registration.cy.js:10:11)",
                "diff": null
              },
              "uuid": "7537020d-1acd-464d-a2f1-79ad1b25aaae",
              "parentUUID": "e3c6232f-bb3a-4f7e-b3b6-0c53c2998838",
              "isHook": false,
              "skipped": false
            },
            {
              "title": "TC02: Validation - Empty Name",
              "fullTitle": "MedAi Registration Form Tests TC02: Validation - Empty Name",
              "timedOut": null,
              "duration": 4220,
              "state": "failed",
              "speed": null,
              "pass": false,
              "fail": true,
              "pending": false,
              "context": null,
              "code": "cy.get('#phone').eq(0).type('01012345678');\ncy.get('button').contains('Next').click({\n  force: true\n});\n// Assuming HTML5 validation or JS alert. \n// If HTML5 validtion, CSS pseudo class :invalid might be active.\ncy.get('#name').eq(0).then($input => {\n  expect($input[0].validationMessage).to.not.be.empty;\n});",
              "err": {
                "message": "AssertionError: Timed out retrying after 4000ms: Expected to find element: `#phone`, but never found it.",
                "estack": "AssertionError: Timed out retrying after 4000ms: Expected to find element: `#phone`, but never found it.\n    at Context.eval (webpack://tests/./cypress/e2e/medai_registration.cy.js:31:11)",
                "diff": null
              },
              "uuid": "d461e34c-439d-49c4-a045-5922276db89e",
              "parentUUID": "e3c6232f-bb3a-4f7e-b3b6-0c53c2998838",
              "isHook": false,
              "skipped": false
            }
          ],
          "suites": [],
          "passes": [],
          "failures": [
            "7537020d-1acd-464d-a2f1-79ad1b25aaae",
            "d461e34c-439d-49c4-a045-5922276db89e"
          ],
          "pending": [],
          "skipped": [],
          "duration": 8426,
          "root": false,
          "rootEmpty": false,
          "_timeout": 2000
        }
      ],
      "passes": [],
      "failures": [],
      "pending": [],
      "skipped": [],
      "duration": 0,
      "root": true,
      "rootEmpty": true,
      "_timeout": 2000
    }
  ],
  "meta": {
    "mocha": {
      "version": "7.0.1"
    },
    "mochawesome": {
      "options": {
        "quiet": false,
        "reportFilename": "mochawesome",
        "saveHtml": false,
        "saveJson": true,
        "consoleReporter": "spec",
        "useInlineDiffs": false,
        "code": true
      },
      "version": "7.1.4"
    },
    "marge": {
      "options": {
        "reportDir": "cypress/results",
        "overwrite": false,
        "html": false,
        "json": true
      },
      "version": "6.3.2"
    }
  }
}